<?xml version="1.0" encoding="UTF-8"?>
<testng-results skipped="0" failed="0" ignored="4" total="6" passed="2">
  <reporter-output>
  </reporter-output>
  <suite name="Suite" duration-ms="148" started-at="2018-09-29T09:43:00 IST" finished-at="2018-09-29T09:43:00 IST">
    <groups>
      <group name="smoke">
        <method signature="AppiumTest.automate(java.lang.String)[pri:0, instance:org.seleniumhq.selenium.AppiumTest@2a5ca609]" name="automate" class="org.seleniumhq.selenium.AppiumTest"/>
        <method signature="SeleniumTest.grid()[pri:0, instance:org.seleniumhq.selenium.SeleniumTest@2a2d45ba]" name="grid" class="org.seleniumhq.selenium.SeleniumTest"/>
      </group> <!-- smoke -->
    </groups>
    <test name="Test" duration-ms="148" started-at="2018-09-29T09:43:00 IST" finished-at="2018-09-29T09:43:00 IST">
      <class name="org.seleniumhq.selenium.SeleniumTest">
        <test-method status="PASS" signature="grid()[pri:0, instance:org.seleniumhq.selenium.SeleniumTest@2a2d45ba]" name="grid" duration-ms="12" started-at="2018-09-29T09:43:00 IST" finished-at="2018-09-29T09:43:00 IST">
          <reporter-output>
          </reporter-output>
        </test-method> <!-- grid -->
      </class> <!-- org.seleniumhq.selenium.SeleniumTest -->
      <class name="org.seleniumhq.selenium.AppiumTest">
        <test-method status="PASS" signature="automate(java.lang.String)[pri:0, instance:org.seleniumhq.selenium.AppiumTest@2a5ca609]" name="automate" duration-ms="0" started-at="2018-09-29T09:43:00 IST" finished-at="2018-09-29T09:43:00 IST">
          <params>
            <param index="0">
              <value>
                <![CDATA[qaclick]]>
              </value>
            </param>
          </params>
          <reporter-output>
          </reporter-output>
        </test-method> <!-- automate -->
      </class> <!-- org.seleniumhq.selenium.AppiumTest -->
    </test> <!-- Test -->
  </suite> <!-- Suite -->
</testng-results>
