<?xml version="1.0" encoding="UTF-8"?>
<!-- Generated by org.testng.reporters.JUnitXMLReporter -->
<testsuite hostname="DESKTOP-KFN1LRR" ignored="0" name="MSA Pro(failed)" tests="1" failures="1" timestamp="14 Dec 2018 02:37:14 GMT" time="43.394" errors="0">
  <testcase name="textvalidation" time="7.71" classname="packagenameyes.textValidation">
    <failure type="java.lang.AssertionError" message="expected [FEATURED COURSES12] but found [FEATURED COURSES]">
      <![CDATA[java.lang.AssertionError: expected [FEATURED COURSES12] but found [FEATURED COURSES]
at packagenameyes.textValidation.textvalidation(textValidation.java:46)
... Removed 31 stack frames]]>
    </failure>
  </testcase> <!-- textvalidation -->
</testsuite> <!-- MSA Pro(failed) -->
