<?xml version="1.0" encoding="UTF-8"?>
<!-- Generated by org.testng.reporters.JUnitXMLReporter -->
<testsuite hostname="DESKTOP-KFN1LRR" ignored="4" name="Test" tests="2" failures="0" timestamp="2018-09-29T09:43:00 IST" time="0.148" errors="0">
  <testcase name="grid" time="0.012" classname="org.seleniumhq.selenium.SeleniumTest"/>
  <testcase name="automate" time="0.0" classname="org.seleniumhq.selenium.AppiumTest"/>
  <testcase name="postjira" time="0.0" classname="org.seleniumhq.selenium.RestAPITest">
    <ignored/>
  </testcase> <!-- postjira -->
  <testcase name="twitterdelete" time="0.0" classname="org.seleniumhq.selenium.RestAPITest">
    <ignored/>
  </testcase> <!-- twitterdelete -->
  <testcase name="UI" time="0.0" classname="org.seleniumhq.selenium.AppiumTest">
    <ignored/>
  </testcase> <!-- UI -->
  <testcase name="frames" time="0.0" classname="org.seleniumhq.selenium.SeleniumTest">
    <ignored/>
  </testcase> <!-- frames -->
</testsuite> <!-- Test -->
